<?xml version="1.0" encoding="UTF-8"?>
<!-- Generated by org.testng.reporters.JUnitXMLReporter -->
<testsuite ignored="6" hostname="LAPTOP-F3T3R3H9" failures="0" tests="1" name="Default test" time="12.9" errors="0" timestamp="24 Oct 2021 16:43:31 GMT">
  <testcase classname="homepagetests.tests" name="menuTest" time="0.137"/>
  <testcase classname="homepagetests.tests" name="restocksLink" time="0.0">
    <ignored/>
  </testcase> <!-- restocksLink -->
  <testcase classname="homepagetests.tests" name="getLinksTitle" time="0.0">
    <ignored/>
  </testcase> <!-- getLinksTitle -->
  <testcase classname="homepagetests.tests" name="hoverOverMenu" time="0.0">
    <ignored/>
  </testcase> <!-- hoverOverMenu -->
  <testcase classname="homepagetests.tests" name="cookieTest1" time="0.0">
    <ignored/>
  </testcase> <!-- cookieTest1 -->
  <testcase classname="homepagetests.tests" name="Links" time="0.0">
    <ignored/>
  </testcase> <!-- Links -->
  <testcase classname="homepagetests.tests" name="cookieTest" time="0.0">
    <ignored/>
  </testcase> <!-- cookieTest -->
</testsuite> <!-- Default test -->
